TN:
SF:/Users/chris/projects/stuff/apilab/src/api/index.js
FN:5,(anonymous_0)
FN:6,(anonymous_1)
FN:12,(anonymous_2)
FNF:3
FNH:3
FNDA:8,(anonymous_0)
FNDA:1,(anonymous_1)
FNDA:1,(anonymous_2)
DA:3,3
DA:5,3
DA:6,8
DA:7,1
DA:12,8
DA:13,1
LF:6
LH:6
BRF:0
BRH:0
end_of_record
TN:
SF:/Users/chris/projects/stuff/apilab/src/api/movies.js
FN:5,(anonymous_0)
FN:8,(anonymous_1)
FN:10,(anonymous_2)
FN:15,(anonymous_3)
FN:16,(anonymous_4)
FN:21,(anonymous_5)
FN:22,(anonymous_6)
FNF:7
FNH:7
FNDA:8,(anonymous_0)
FNDA:2,(anonymous_1)
FNDA:2,(anonymous_2)
FNDA:1,(anonymous_3)
FNDA:1,(anonymous_4)
FNDA:1,(anonymous_5)
FNDA:1,(anonymous_6)
DA:3,3
DA:5,3
DA:6,8
DA:8,8
DA:9,2
DA:10,2
DA:11,2
DA:15,8
DA:16,1
DA:17,1
DA:21,8
DA:22,1
DA:23,1
LF:13
LH:13
BRF:0
BRH:0
end_of_record
TN:
SF:/Users/chris/projects/stuff/apilab/src/api/ResponseInterceptor/index.js
FN:5,(anonymous_0)
FNF:1
FNH:1
FNDA:7,(anonymous_0)
DA:3,4
DA:5,4
DA:6,7
DA:7,6
DA:9,1
DA:18,4
LF:6
LH:6
BRDA:6,0,0,6
BRDA:6,0,1,1
BRF:2
BRH:2
end_of_record
TN:
SF:/Users/chris/projects/stuff/apilab/src/config/config.js
FNF:0
FNH:0
DA:2,1
DA:12,1
DA:18,1
LF:3
LH:3
BRDA:3,0,0,1
BRDA:3,0,1,1
BRDA:4,1,0,1
BRDA:4,1,1,1
BRDA:5,2,0,1
BRDA:5,2,1,1
BRDA:6,3,0,1
BRDA:6,3,1,1
BRDA:7,4,0,0
BRDA:7,4,1,1
BRDA:14,5,0,1
BRDA:14,5,1,1
BRF:12
BRH:11
end_of_record
TN:
SF:/Users/chris/projects/stuff/apilab/src/config/mongo.js
FN:3,(anonymous_0)
FN:5,(anonymous_1)
FN:10,(anonymous_2)
FN:11,(anonymous_3)
FN:13,(anonymous_4)
FNF:5
FNH:5
FNDA:2,(anonymous_0)
FNDA:2,(anonymous_1)
FNDA:2,(anonymous_2)
FNDA:2,(anonymous_3)
FNDA:2,(anonymous_4)
DA:1,1
DA:3,1
DA:4,2
DA:5,2
DA:7,2
DA:10,1
DA:11,2
DA:12,2
DA:14,2
DA:15,1
DA:22,2
DA:28,1
LF:12
LH:12
BRDA:14,0,0,1
BRDA:14,0,1,1
BRF:2
BRH:2
end_of_record
TN:
SF:/Users/chris/projects/stuff/apilab/src/config/ssl/index.js
FNF:0
FNH:0
DA:1,1
DA:3,1
LF:2
LH:2
BRF:0
BRH:0
end_of_record
TN:
SF:/Users/chris/projects/stuff/apilab/src/repository/index.js
FN:3,(anonymous_0)
FN:4,(anonymous_1)
FN:13,(anonymous_2)
FN:17,(anonymous_3)
FN:20,(anonymous_4)
FN:21,(anonymous_5)
FN:28,(anonymous_6)
FN:29,(anonymous_7)
FN:35,(anonymous_8)
FN:37,(anonymous_9)
FNF:10
FNH:10
FNDA:13,(anonymous_0)
FNDA:1,(anonymous_1)
FNDA:14,(anonymous_2)
FNDA:14,(anonymous_3)
FNDA:13,(anonymous_4)
FNDA:13,(anonymous_5)
FNDA:14,(anonymous_6)
FNDA:14,(anonymous_7)
FNDA:13,(anonymous_8)
FNDA:1,(anonymous_9)
DA:3,2
DA:4,13
DA:5,1
DA:8,13
DA:13,2
DA:14,14
DA:15,14
DA:17,14
DA:19,14
DA:21,13
DA:22,13
DA:23,13
DA:28,2
DA:29,14
DA:30,14
DA:31,1
DA:33,14
DA:36,13
DA:38,1
DA:43,2
LF:20
LH:20
BRDA:30,0,0,1
BRDA:30,0,1,13
BRF:2
BRH:2
end_of_record
TN:
SF:/Users/chris/projects/stuff/apilab/src/repository/movies.js
FN:5,(anonymous_0)
FN:8,(anonymous_1)
FN:9,(anonymous_2)
FN:12,(anonymous_3)
FN:15,(anonymous_4)
FN:29,(anonymous_5)
FN:30,(anonymous_6)
FN:47,(anonymous_7)
FN:50,(anonymous_8)
FN:64,(anonymous_9)
FN:65,(anonymous_10)
FN:67,(anonymous_11)
FN:88,(anonymous_12)
FN:89,(anonymous_13)
FNF:14
FNH:14
FNDA:14,(anonymous_0)
FNDA:2,(anonymous_1)
FNDA:2,(anonymous_2)
FNDA:1,(anonymous_3)
FNDA:1,(anonymous_4)
FNDA:2,(anonymous_5)
FNDA:2,(anonymous_6)
FNDA:1,(anonymous_7)
FNDA:1,(anonymous_8)
FNDA:2,(anonymous_9)
FNDA:2,(anonymous_10)
FNDA:1,(anonymous_11)
FNDA:14,(anonymous_12)
FNDA:14,(anonymous_13)
DA:2,2
DA:3,2
DA:5,2
DA:6,14
DA:8,13
DA:9,2
DA:10,2
DA:11,2
DA:12,2
DA:13,1
DA:15,2
DA:16,1
DA:17,1
DA:19,1
DA:21,2
DA:22,1
DA:24,1
DA:29,13
DA:30,2
DA:31,2
DA:32,2
DA:33,2
DA:46,2
DA:47,2
DA:48,1
DA:50,2
DA:51,1
DA:52,1
DA:54,1
DA:56,2
DA:57,1
DA:59,1
DA:64,13
DA:65,2
DA:66,2
DA:67,2
DA:68,1
DA:69,1
DA:71,1
DA:73,2
DA:74,1
DA:76,1
DA:81,13
DA:88,2
DA:89,14
DA:90,14
DA:91,1
DA:93,14
DA:97,2
LF:49
LH:49
BRDA:8,0,0,0
BRDA:8,1,0,0
BRDA:16,2,0,1
BRDA:16,2,1,0
BRDA:21,3,0,1
BRDA:21,3,1,1
BRDA:51,4,0,1
BRDA:51,4,1,0
BRDA:56,5,0,1
BRDA:56,5,1,1
BRDA:68,6,0,1
BRDA:68,6,1,0
BRDA:68,7,0,1
BRDA:68,7,1,0
BRDA:73,8,0,1
BRDA:73,8,1,1
BRDA:90,9,0,1
BRDA:90,9,1,13
BRF:18
BRH:12
end_of_record
TN:
SF:/Users/chris/projects/stuff/apilab/src/repository/AppError/index.js
FN:2,(anonymous_0)
FNF:1
FNH:1
FNDA:4,(anonymous_0)
DA:2,3
DA:3,4
DA:11,3
LF:3
LH:3
BRDA:2,0,0,0
BRDA:2,1,0,4
BRF:2
BRH:1
end_of_record
TN:
SF:/Users/chris/projects/stuff/apilab/src/repository/ObjectID/index.js
FN:4,(anonymous_0)
FNF:1
FNH:1
FNDA:3,(anonymous_0)
DA:2,3
DA:4,3
DA:5,3
DA:6,3
DA:7,1
DA:9,2
DA:13,3
LF:7
LH:7
BRDA:6,0,0,1
BRDA:6,0,1,2
BRF:2
BRH:2
end_of_record
TN:
SF:/Users/chris/projects/stuff/apilab/src/server/server.js
FN:7,(anonymous_0)
FN:8,(anonymous_1)
FN:23,(anonymous_2)
FN:28,(anonymous_3)
FNF:4
FNH:4
FNDA:8,(anonymous_0)
FNDA:8,(anonymous_1)
FNDA:1,(anonymous_2)
FNDA:7,(anonymous_3)
DA:1,3
DA:2,3
DA:3,3
DA:4,3
DA:5,3
DA:7,3
DA:8,8
DA:9,8
DA:10,1
DA:12,8
DA:13,1
DA:16,8
DA:17,8
DA:18,8
DA:20,8
DA:21,8
DA:23,8
DA:24,1
DA:25,1
DA:28,8
DA:32,3
LF:21
LH:21
BRDA:9,0,0,1
BRDA:9,0,1,7
BRDA:12,1,0,1
BRDA:12,1,1,7
BRF:4
BRH:4
end_of_record
